0 info it worked if it ends with ok
1 verbose cli [ 'c:\\Program Files\\nodejs\\node.exe',
1 verbose cli   'c:\\Program Files\\nodejs\\node_modules\\npm\\bin\\npm-cli.js',
1 verbose cli   'run',
1 verbose cli   'dev' ]
2 info using npm@3.3.12
3 info using node@v5.5.0
4 verbose run-script [ 'predev', 'dev', 'postdev' ]
5 info lifecycle angular-webpack-workflow@1.0.0~predev: angular-webpack-workflow@1.0.0
6 silly lifecycle angular-webpack-workflow@1.0.0~predev: no script for predev, continuing
7 info lifecycle angular-webpack-workflow@1.0.0~dev: angular-webpack-workflow@1.0.0
8 verbose lifecycle angular-webpack-workflow@1.0.0~dev: unsafe-perm in lifecycle true
9 verbose lifecycle angular-webpack-workflow@1.0.0~dev: PATH: c:\Program Files\nodejs\node_modules\npm\bin\node-gyp-bin;c:\Users\B.yildirim\Desktop\ng6\node_modules\.bin;p:\bin;.;C:\Program Files (x86)\Git\local\bin;C:\Program Files (x86)\Git\mingw\bin;C:\Program Files (x86)\Git\bin;C:\Program Files (x86)\Git\bin;c:\Ruby200-x64\bin;c:\Program Files (x86)\Intel\iCLS Client\;c:\Program Files\Intel\iCLS Client\;c:\Windows\system32;c:\Windows;c:\Windows\System32\Wbem;c:\Windows\System32\WindowsPowerShell\v1.0\;c:\Program Files\Intel\Intel(R) Management Engine Components\DAL;c:\Program Files\Intel\Intel(R) Management Engine Components\IPT;c:\Program Files (x86)\Intel\Intel(R) Management Engine Components\DAL;c:\Program Files (x86)\Intel\Intel(R) Management Engine Components\IPT;c:\Program Files\Intel\WiFi\bin\;c:\Program Files\Common Files\Intel\WirelessCommon\;c:\Program Files (x86)\Microsoft SQL Server\100\Tools\Binn\VSShell\Common7\IDE\;c:\Program Files (x86)\Microsoft SQL Server\100\Tools\Binn\;c:\Program Files\Microsoft SQL Server\100\Tools\Binn\;c:\Program Files (x86)\Microsoft SQL Server\100\DTS\Binn\;c:\Program Files (x86)\Microsoft SQL Server\110\Tools\Binn\;c:\Program Files\Microsoft SQL Server\110\Tools\Binn\;c:\Program Files\Microsoft SQL Server\110\DTS\Binn\;c:\HashiCorp\Vagrant\bin;c:\Program Files\Apache Software Foundation\apache-maven\bin;%Program Files (x86)%\Git\bin;%Program Files (x86)%\Git\cmd;c:\Program Files\Microsoft SQL Server\120\Tools\Binn\;c:\Program Files\TortoiseSVN\bin;C:\Program Files (x86)\Git\bin;C:\Program Files (x86)\Git\cmd;c:\Program Files (x86)\Skype\Phone\;c:\Program Files\nodejs\;c:\Users\B.yildirim\AppData\Local\atom\bin;c:\Users\B.yildirim\AppData\Local\atom\bin;c:\Users\B.yildirim\AppData\Local\Code\bin;c:\Program Files (x86)\Microsoft VS Code\bin;c:\Users\B.yildirim\AppData\Roaming\npm
10 verbose lifecycle angular-webpack-workflow@1.0.0~dev: CWD: c:\Users\B.yildirim\Desktop\ng6
11 silly lifecycle angular-webpack-workflow@1.0.0~dev: Args: [ '/d /s /c',
11 silly lifecycle   'webpack-dev-server --history-api-fallback --inline --progress --hot --colors --host 0.0.0.0!' ]
12 silly lifecycle angular-webpack-workflow@1.0.0~dev: Returned: code: 1  signal: null
13 info lifecycle angular-webpack-workflow@1.0.0~dev: Failed to exec dev script
14 verbose stack Error: angular-webpack-workflow@1.0.0 dev: `webpack-dev-server --history-api-fallback --inline --progress --hot --colors --host 0.0.0.0!`
14 verbose stack Exit status 1
14 verbose stack     at EventEmitter.<anonymous> (c:\Program Files\nodejs\node_modules\npm\lib\utils\lifecycle.js:232:16)
14 verbose stack     at emitTwo (events.js:100:13)
14 verbose stack     at EventEmitter.emit (events.js:185:7)
14 verbose stack     at ChildProcess.<anonymous> (c:\Program Files\nodejs\node_modules\npm\lib\utils\spawn.js:24:14)
14 verbose stack     at emitTwo (events.js:100:13)
14 verbose stack     at ChildProcess.emit (events.js:185:7)
14 verbose stack     at maybeClose (internal/child_process.js:821:16)
14 verbose stack     at Process.ChildProcess._handle.onexit (internal/child_process.js:211:5)
15 verbose pkgid angular-webpack-workflow@1.0.0
16 verbose cwd c:\Users\B.yildirim\Desktop\ng6
17 error Windows_NT 6.1.7601
18 error argv "c:\\Program Files\\nodejs\\node.exe" "c:\\Program Files\\nodejs\\node_modules\\npm\\bin\\npm-cli.js" "run" "dev"
19 error node v5.5.0
20 error npm  v3.3.12
21 error code ELIFECYCLE
22 error angular-webpack-workflow@1.0.0 dev: `webpack-dev-server --history-api-fallback --inline --progress --hot --colors --host 0.0.0.0!`
22 error Exit status 1
23 error Failed at the angular-webpack-workflow@1.0.0 dev script 'webpack-dev-server --history-api-fallback --inline --progress --hot --colors --host 0.0.0.0!'.
23 error Make sure you have the latest version of node.js and npm installed.
23 error If you do, this is most likely a problem with the angular-webpack-workflow package,
23 error not with npm itself.
23 error Tell the author that this fails on your system:
23 error     webpack-dev-server --history-api-fallback --inline --progress --hot --colors --host 0.0.0.0!
23 error You can get their info via:
23 error     npm owner ls angular-webpack-workflow
23 error There is likely additional logging output above.
24 verbose exit [ 1, true ]
